Arguments: 
  /Users/aaronkolatch/.nvm/versions/node/v12.19.0/bin/node /Users/aaronkolatch/.nvm/versions/node/v12.19.0/bin/yarn test

PATH: 
  /Users/aaronkolatch/.nvm/versions/node/v12.19.0/bin:/usr/local/bin:/usr/bin:/bin:/usr/sbin:/sbin:/Library/Apple/usr/bin:/Users/aaronkolatch/.nvm/versions/node/v12.19.0/bin:/usr/local/mysql/bin:/usr/local/mysql/bin

Yarn version: 
  1.22.10

Node version: 
  12.19.0

Platform: 
  darwin x64

Trace: 
  SyntaxError: /Users/aaronkolatch/Dev/portfolio-tracker-3000/package.json: Unexpected string in JSON at position 277
      at JSON.parse (<anonymous>)
      at /Users/aaronkolatch/.nvm/versions/node/v12.19.0/lib/node_modules/yarn/lib/cli.js:1625:59
      at Generator.next (<anonymous>)
      at step (/Users/aaronkolatch/.nvm/versions/node/v12.19.0/lib/node_modules/yarn/lib/cli.js:310:30)
      at /Users/aaronkolatch/.nvm/versions/node/v12.19.0/lib/node_modules/yarn/lib/cli.js:321:13

npm manifest: 
  {
    "name": "portfolio-tracker-3000",
    "version": "1.0.0",
    "description": "Simple portfolio tracking app",
    "main": "index.js",
    "repository": "https://github.com/akolatch/portfolio-tracker-3000.git",
    "author": "akolatch <aaron.kolatch@gmail.com>",
    "license": "MIT"
  }
  "scripts": {
    "build": "./server tsc",
    "start": "node server/build/server/index.js",
    "dev": "ts-node-dev server/src/server/index.ts",
    "test": "server/jest --watchAll --detectOpenHandles"
  },

yarn manifest: 
  No manifest

Lockfile: 
  No lockfile
